# JRE version: Java(TM) SE Runtime Environment (8.0_191-b12) (build 1.8.0_191-b12)
# Java VM: Java HotSpot(TM) 64-Bit Server VM (25.191-b12 mixed mode bsd-amd64 compressed oops)
Heap:
 PSYoungGen      total 73216K, used 39093K [0x0000000795580000, 0x000000079bb00000, 0x00000007c0000000)
  eden space 50688K, 33% used [0x0000000795580000,0x00000007965e8ce8,0x0000000798700000)
  from space 22528K, 98% used [0x000000079a000000,0x000000079b5c4b08,0x000000079b600000)
  to   space 25600K, 0% used [0x0000000798700000,0x0000000798700000,0x000000079a000000)
 ParOldGen       total 146432K, used 48067K [0x0000000740000000, 0x0000000748f00000, 0x0000000795580000)
  object space 146432K, 32% used [0x0000000740000000,0x0000000742ef0e58,0x0000000748f00000)
 Metaspace       used 25652K, capacity 26098K, committed 26368K, reserved 1073152K
  class space    used 3186K, capacity 3291K, committed 3328K, reserved 1048576K
GC Heap History (10 events):
Event: 4468.526 GC heap before
{Heap before GC invocations=18 (full 2):
 PSYoungGen      total 75776K, used 60819K [0x0000000795580000, 0x000000079b280000, 0x00000007c0000000)
  eden space 59392K, 79% used [0x0000000795580000,0x000000079835cc20,0x0000000798f80000)
  from space 16384K, 84% used [0x0000000799080000,0x0000000799e080f8,0x000000079a080000)
  to   space 17920K, 0% used [0x000000079a100000,0x000000079a100000,0x000000079b280000)
 ParOldGen       total 146432K, used 32030K [0x0000000740000000, 0x0000000748f00000, 0x0000000795580000)
  object space 146432K, 21% used [0x0000000740000000,0x0000000741f47a38,0x0000000748f00000)
 Metaspace       used 25471K, capacity 25964K, committed 26112K, reserved 1073152K
  class space    used 3180K, capacity 3290K, committed 3328K, reserved 1048576K
Event: 4468.538 GC heap after
Heap after GC invocations=18 (full 2):
 PSYoungGen      total 74752K, used 16843K [0x0000000795580000, 0x000000079b680000, 0x00000007c0000000)
  eden space 56832K, 0% used [0x0000000795580000,0x0000000795580000,0x0000000798d00000)
  from space 17920K, 93% used [0x000000079a100000,0x000000079b172e28,0x000000079b280000)
  to   space 20480K, 0% used [0x0000000798d00000,0x0000000798d00000,0x000000079a100000)
 ParOldGen       total 146432K, used 32038K [0x0000000740000000, 0x0000000748f00000, 0x0000000795580000)
  object space 146432K, 21% used [0x0000000740000000,0x0000000741f49a38,0x0000000748f00000)
 Metaspace       used 25471K, capacity 25964K, committed 26112K, reserved 1073152K
  class space    used 3180K, capacity 3290K, committed 3328K, reserved 1048576K
}
Event: 4476.421 GC heap before
{Heap before GC invocations=19 (full 2):
 PSYoungGen      total 74752K, used 72645K [0x0000000795580000, 0x000000079b680000, 0x00000007c0000000)
  eden space 56832K, 98% used [0x0000000795580000,0x0000000798bfe8b0,0x0000000798d00000)
  from space 17920K, 93% used [0x000000079a100000,0x000000079b172e28,0x000000079b280000)
  to   space 20480K, 0% used [0x0000000798d00000,0x0000000798d00000,0x000000079a100000)
 ParOldGen       total 146432K, used 32038K [0x0000000740000000, 0x0000000748f00000, 0x0000000795580000)
  object space 146432K, 21% used [0x0000000740000000,0x0000000741f49a38,0x0000000748f00000)
 Metaspace       used 25496K, capacity 25964K, committed 26112K, reserved 1073152K
  class space    used 3180K, capacity 3290K, committed 3328K, reserved 1048576K
Event: 4476.430 GC heap after
Heap after GC invocations=19 (full 2):
 PSYoungGen      total 70144K, used 14144K [0x0000000795580000, 0x000000079b500000, 0x00000007c0000000)
  eden space 55808K, 0% used [0x0000000795580000,0x0000000795580000,0x0000000798c00000)
  from space 14336K, 98% used [0x0000000798d00000,0x0000000799ad00f8,0x0000000799b00000)
  to   space 20992K, 0% used [0x000000079a080000,0x000000079a080000,0x000000079b500000)
 ParOldGen       total 146432K, used 32046K [0x0000000740000000, 0x0000000748f00000, 0x0000000795580000)
  object space 146432K, 21% used [0x0000000740000000,0x0000000741f4ba38,0x0000000748f00000)
 Metaspace       used 25496K, capacity 25964K, committed 26112K, reserved 1073152K
  class space    used 3180K, capacity 3290K, committed 3328K, reserved 1048576K
}
Event: 4487.482 GC heap before
{Heap before GC invocations=20 (full 2):
 PSYoungGen      total 70144K, used 68790K [0x0000000795580000, 0x000000079b500000, 0x00000007c0000000)
  eden space 55808K, 97% used [0x0000000795580000,0x0000000798add7e0,0x0000000798c00000)
  from space 14336K, 98% used [0x0000000798d00000,0x0000000799ad00f8,0x0000000799b00000)
  to   space 20992K, 0% used [0x000000079a080000,0x000000079a080000,0x000000079b500000)
 ParOldGen       total 146432K, used 32046K [0x0000000740000000, 0x0000000748f00000, 0x0000000795580000)
  object space 146432K, 21% used [0x0000000740000000,0x0000000741f4ba38,0x0000000748f00000)
 Metaspace       used 25524K, capacity 25964K, committed 26112K, reserved 1073152K
  class space    used 3180K, capacity 3290K, committed 3328K, reserved 1048576K
Event: 4487.491 GC heap after
Heap after GC invocations=20 (full 2):
 PSYoungGen      total 75776K, used 14240K [0x0000000795580000, 0x000000079b600000, 0x00000007c0000000)
  eden space 54784K, 0% used [0x0000000795580000,0x0000000795580000,0x0000000798b00000)
  from space 20992K, 67% used [0x000000079a080000,0x000000079ae680f8,0x000000079b500000)
  to   space 22016K, 0% used [0x0000000798b00000,0x0000000798b00000,0x000000079a080000)
 ParOldGen       total 146432K, used 32054K [0x0000000740000000, 0x0000000748f00000, 0x0000000795580000)
  object space 146432K, 21% used [0x0000000740000000,0x0000000741f4da38,0x0000000748f00000)
 Metaspace       used 25524K, capacity 25964K, committed 26112K, reserved 1073152K
  class space    used 3180K, capacity 3290K, committed 3328K, reserved 1048576K
}
Event: 4498.353 GC heap before
{Heap before GC invocations=21 (full 2):
 PSYoungGen      total 75776K, used 69024K [0x0000000795580000, 0x000000079b600000, 0x00000007c0000000)
  eden space 54784K, 100% used [0x0000000795580000,0x0000000798b00000,0x0000000798b00000)
  from space 20992K, 67% used [0x000000079a080000,0x000000079ae680f8,0x000000079b500000)
  to   space 22016K, 0% used [0x0000000798b00000,0x0000000798b00000,0x000000079a080000)
 ParOldGen       total 146432K, used 32054K [0x0000000740000000, 0x0000000748f00000, 0x0000000795580000)
  object space 146432K, 21% used [0x0000000740000000,0x0000000741f4da38,0x0000000748f00000)
 Metaspace       used 25540K, capacity 26028K, committed 26368K, reserved 1073152K
  class space    used 3180K, capacity 3290K, committed 3328K, reserved 1048576K
Event: 4498.366 GC heap after
Heap after GC invocations=21 (full 2):
 PSYoungGen      total 68608K, used 14336K [0x0000000795580000, 0x000000079b600000, 0x00000007c0000000)
  eden space 53760K, 0% used [0x0000000795580000,0x0000000795580000,0x0000000798a00000)
  from space 14848K, 96% used [0x0000000798b00000,0x00000007999000f8,0x0000000799980000)
  to   space 22528K, 0% used [0x000000079a000000,0x000000079a000000,0x000000079b600000)
 ParOldGen       total 146432K, used 32062K [0x0000000740000000, 0x0000000748f00000, 0x0000000795580000)
  object space 146432K, 21% used [0x0000000740000000,0x0000000741f4fa38,0x0000000748f00000)
 Metaspace       used 25540K, capacity 26028K, committed 26368K, reserved 1073152K
  class space    used 3180K, capacity 3290K, committed 3328K, reserved 1048576K
}
Event: 21396.016 GC heap before
{Heap before GC invocations=22 (full 2):
 PSYoungGen      total 68608K, used 62708K [0x0000000795580000, 0x000000079b600000, 0x00000007c0000000)
  eden space 53760K, 89% used [0x0000000795580000,0x00000007984bd260,0x0000000798a00000)
  from space 14848K, 96% used [0x0000000798b00000,0x00000007999000f8,0x0000000799980000)
  to   space 22528K, 0% used [0x000000079a000000,0x000000079a000000,0x000000079b600000)
 ParOldGen       total 146432K, used 32062K [0x0000000740000000, 0x0000000748f00000, 0x0000000795580000)
  object space 146432K, 21% used [0x0000000740000000,0x0000000741f4fa38,0x0000000748f00000)
 Metaspace       used 25652K, capacity 26098K, committed 26368K, reserved 1073152K
  class space    used 3186K, capacity 3291K, committed 3328K, reserved 1048576K
Event: 21396.090 GC heap after
Heap after GC invocations=22 (full 2):
 PSYoungGen      total 73216K, used 22290K [0x0000000795580000, 0x000000079bb00000, 0x00000007c0000000)
  eden space 50688K, 0% used [0x0000000795580000,0x0000000795580000,0x0000000798700000)
  from space 22528K, 98% used [0x000000079a000000,0x000000079b5c4b08,0x000000079b600000)
  to   space 25600K, 0% used [0x0000000798700000,0x0000000798700000,0x000000079a000000)
 ParOldGen       total 146432K, used 48067K [0x0000000740000000, 0x0000000748f00000, 0x0000000795580000)
  object space 146432K, 32% used [0x0000000740000000,0x0000000742ef0e58,0x0000000748f00000)
 Metaspace       used 25652K, capacity 26098K, committed 26368K, reserved 1073152K
  class space    used 3186K, capacity 3291K, committed 3328K, reserved 1048576K
}

